2021-01-05 10:19:25,692 :[INFO] - [WebAPI.Program] - WebAPIService installation starting
2021-01-05 10:21:34,793 :[INFO] - [WebAPI.Program] - WebAPIService installation starting
2021-01-05 10:22:39,473 :[INFO] - [WebAPI.Program] - WebAPIService installation starting
2021-01-05 10:36:44,827 :[INFO] - [WebAPI.Program] - WebAPIService installation starting
2021-01-05 10:37:02,591 :[INFO] - [WebAPI.Program] - WebAPIService installation starting
2021-01-05 10:49:17,873 :[INFO] - [WebAPI.Program] - WebAPIService installation starting
2021-01-05 10:54:50,510 :[INFO] - [WebAPI.Program] - WebAPIService installation starting
2021-01-05 10:57:37,930 :[INFO] - [WebAPI.Program] - WebAPIService installation starting
2021-01-05 11:11:23,293 :[INFO] - [WebAPI.Program] - WebAPIService installation starting
2021-01-05 11:13:08,397 :[INFO] - [WebAPI.Program] - WebAPIService installation starting
2021-01-05 11:13:26,234 :[INFO] - [WebAPI.Startup] - test
2021-01-05 11:15:57,695 :[INFO] - [WebAPI.Program] - WebAPIService installation starting
2021-01-05 11:16:06,554 :[INFO] - [WebAPI.Startup] - test
2021-01-05 11:20:34,636 :[INFO] - [WebAPI.Program] - WebAPIService installation starting
2021-01-05 11:20:42,542 :[INFO] - [WebAPI.Startup] - test
2021-01-05 11:29:22,556 :[INFO] - [WebAPI.Program] - WebAPIService installation starting
2021-01-05 11:29:30,101 :[INFO] - [WebAPI.Startup] - test
2021-01-05 11:29:48,869 :[INFO] - [WebAPI.Startup] - test
2021-01-05 11:32:44,469 :[INFO] - [WebAPI.Program] - WebAPIService installation starting
2021-01-05 11:32:50,079 :[INFO] - [WebAPI.Startup] - test
2021-01-05 11:36:18,643 :[INFO] - [WebAPI.Program] - WebAPIService installation starting
2021-01-05 11:36:48,124 :[INFO] - [WebAPI.Startup] - test
2021-01-05 11:37:52,054 :[INFO] - [WebAPI.Program] - WebAPIService installation starting
2021-01-05 11:37:56,065 :[INFO] - [WebAPI.Startup] - test
2021-01-05 11:39:27,380 :[INFO] - [WebAPI.Program] - WebAPIService installation starting
2021-01-05 11:39:31,708 :[INFO] - [WebAPI.Startup] - test
2021-01-05 11:42:37,906 :[INFO] - [WebAPI.Program] - WebAPIService installation starting
2021-01-05 11:52:12,118 :[INFO] - [WebAPI.Program] - WebAPIService installation starting
2021-01-05 11:58:12,540 :[INFO] - [WebAPI.Program] - WebAPIService installation starting
2021-01-05 11:58:21,708 :[INFO] - [WebAPI.Startup] - test
2021-01-05 11:59:50,519 :[INFO] - [WebAPI.Program] - WebAPIService installation starting
2021-01-05 12:05:11,479 :[INFO] - [WebAPI.Program] - WebAPIService installation starting
2021-01-05 12:05:51,934 :[INFO] - [WebAPI.Program] - WebAPIService installation starting
2021-01-05 12:08:19,187 :[INFO] - [WebAPI.Program] - WebAPIService installation starting
2021-01-05 12:10:21,828 :[INFO] - [WebAPI.Program] - WebAPIService installation starting
2021-01-05 12:12:18,563 :[INFO] - [WebAPI.Program] - WebAPIService installation starting
2021-01-05 12:14:08,954 :[INFO] - [WebAPI.Startup] - WebAPIService installation starting
2021-01-05 12:16:39,963 :[INFO] - [WebAPI.Startup] - WebAPIService installation starting
2021-01-05 12:20:16,369 :[INFO] - [WebAPI.Program] - WebAPIService installation starting
2021-01-05 12:31:37,960 :[INFO] - [WebAPI.Program] - WebAPIService installation starting
2021-01-05 12:32:43,403 :[INFO] - [WebAPI.Program] - WebAPIService installation starting
2021-01-05 12:33:28,389 :[INFO] - [WebAPI.Startup] - TEST
2021-01-05 12:47:32,870 :[INFO] - [WebAPI.Program] - WebAPIService installation starting
2021-01-05 12:52:24,557 :[INFO] - [WebAPI.Program] - WebAPIService installation starting
2021-01-05 12:52:34,467 :[INFO] - [WebAPI.Startup] - TEST
2021-01-05 12:53:01,931 :[INFO] - [WebAPI.Startup] - Configure
2021-01-05 12:53:03,927 :[INFO] - [Microsoft.Hosting.Lifetime] - Now listening on: https://localhost:5001
2021-01-05 12:53:03,930 :[INFO] - [Microsoft.Hosting.Lifetime] - Now listening on: http://localhost:5000
2021-01-05 12:53:03,933 :[INFO] - [Microsoft.Hosting.Lifetime] - Application started. Press Ctrl+C to shut down.
2021-01-05 12:53:03,936 :[INFO] - [Microsoft.Hosting.Lifetime] - Hosting environment: Development
2021-01-05 12:53:03,941 :[INFO] - [Microsoft.Hosting.Lifetime] - Content root path: D:\Projects\IndustryTracking\IndustryTracking\API\WebAPI\WebAPI\bin\Debug\net5.0
2021-01-05 12:54:20,930 :[INFO] - [WebAPI.Program] - WebAPIService installation starting
2021-01-05 12:56:11,619 :[INFO] - [WebAPI.Program] - WebAPIService installation starting
2021-01-05 12:56:21,453 :[INFO] - [WebAPI.Startup] - TEST
2021-01-05 12:56:24,197 :[INFO] - [WebAPI.Startup] - Configure
2021-01-05 12:56:24,416 :[INFO] - [Microsoft.Hosting.Lifetime] - Now listening on: https://localhost:5001
2021-01-05 12:56:24,419 :[INFO] - [Microsoft.Hosting.Lifetime] - Now listening on: http://localhost:5000
2021-01-05 12:56:24,423 :[INFO] - [Microsoft.Hosting.Lifetime] - Application started. Press Ctrl+C to shut down.
2021-01-05 12:56:24,433 :[INFO] - [Microsoft.Hosting.Lifetime] - Hosting environment: Development
2021-01-05 12:56:24,435 :[INFO] - [Microsoft.Hosting.Lifetime] - Content root path: D:\Projects\IndustryTracking\IndustryTracking\API\WebAPI\WebAPI\bin\Debug\net5.0
2021-01-05 12:56:45,041 :[INFO] - [WebAPI.Controllers.WeatherForecastController] - TEST
2021-01-05 13:10:58,372 :[INFO] - [WebAPI.Program] - WebAPIService installation starting
